<?xml version="1.0" encoding="UTF-8"?>
<robot generator="Robot 7.1.1 (Python 3.9.6 on darwin)" generated="2024-12-20T11:14:36.170503" rpa="false" schemaversion="5">
<suite id="s1" name="Checkout Test" source="/Users/admin/checkout_test.robot">
<test id="s1-t1" name="User Journey of Shopping Cart Checkout" line="10">
<kw name="Given the user is on the Sauce Demo login page">
<kw name="Open Browser" owner="SeleniumLibrary">
<msg time="2024-12-20T11:14:36.453646" level="INFO">Opening browser 'chrome' to base url 'https://www.saucedemo.com'.</msg>
<arg>${URL}</arg>
<arg>chrome</arg>
<doc>Opens a new browser instance to the optional ``url``.</doc>
<status status="PASS" start="2024-12-20T11:14:36.453287" elapsed="3.175453"/>
</kw>
<kw name="Maximize Browser Window" owner="SeleniumLibrary">
<doc>Maximizes current browser window.</doc>
<status status="PASS" start="2024-12-20T11:14:39.630451" elapsed="0.187804"/>
</kw>
<kw name="Wait Until Page Contains Element" owner="SeleniumLibrary">
<arg>id=user-name</arg>
<arg>timeout=10</arg>
<doc>Waits until the element ``locator`` appears on the current page.</doc>
<status status="PASS" start="2024-12-20T11:14:39.818693" elapsed="0.028677"/>
</kw>
<status status="PASS" start="2024-12-20T11:14:36.452673" elapsed="3.394913"/>
</kw>
<kw name="When the user enters valid credentials">
<kw name="Input Text" owner="SeleniumLibrary">
<msg time="2024-12-20T11:14:39.848946" level="INFO">Typing text 'standard_user' into text field 'id=user-name'.</msg>
<arg>id=user-name</arg>
<arg>${USERNAME}</arg>
<doc>Types the given ``text`` into the text field identified by ``locator``.</doc>
<status status="PASS" start="2024-12-20T11:14:39.848614" elapsed="0.234931"/>
</kw>
<kw name="Input Text" owner="SeleniumLibrary">
<msg time="2024-12-20T11:14:40.084754" level="INFO">Typing text 'secret_sauce' into text field 'id=password'.</msg>
<arg>id=password</arg>
<arg>${PASSWORD}</arg>
<doc>Types the given ``text`` into the text field identified by ``locator``.</doc>
<status status="PASS" start="2024-12-20T11:14:40.083888" elapsed="0.175466"/>
</kw>
<kw name="Click Button" owner="SeleniumLibrary">
<msg time="2024-12-20T11:14:40.260733" level="INFO">Clicking button 'id=login-button'.</msg>
<arg>id=login-button</arg>
<doc>Clicks the button identified by ``locator``.</doc>
<status status="PASS" start="2024-12-20T11:14:40.259886" elapsed="0.141964"/>
</kw>
<kw name="Wait Until Page Contains Element" owner="SeleniumLibrary">
<arg>id=inventory_container</arg>
<arg>timeout=10</arg>
<doc>Waits until the element ``locator`` appears on the current page.</doc>
<status status="PASS" start="2024-12-20T11:14:40.402185" elapsed="0.015261"/>
</kw>
<status status="PASS" start="2024-12-20T11:14:39.848135" elapsed="0.569572"/>
</kw>
<kw name="And the user adds an item to the cart">
<kw name="Wait Until Page Contains Element" owner="SeleniumLibrary">
<arg>id=inventory_container</arg>
<arg>timeout=60</arg>
<doc>Waits until the element ``locator`` appears on the current page.</doc>
<status status="PASS" start="2024-12-20T11:14:40.418698" elapsed="0.008285"/>
</kw>
<kw name="Click Element" owner="SeleniumLibrary">
<msg time="2024-12-20T11:14:40.428035" level="INFO">Clicking element 'id=add-to-cart-sauce-labs-backpack'.</msg>
<arg>id=add-to-cart-sauce-labs-backpack</arg>
<doc>Click the element identified by ``locator``.</doc>
<status status="PASS" start="2024-12-20T11:14:40.427513" elapsed="0.076948"/>
</kw>
<status status="PASS" start="2024-12-20T11:14:40.418232" elapsed="0.086875"/>
</kw>
<kw name="And the user proceeds to checkout">
<kw name="Wait Until Page Contains Element" owner="SeleniumLibrary">
<arg>id=shopping_cart_container</arg>
<arg>timeout=60</arg>
<doc>Waits until the element ``locator`` appears on the current page.</doc>
<status status="PASS" start="2024-12-20T11:14:40.531871" elapsed="0.013375"/>
</kw>
<kw name="Click Element" owner="SeleniumLibrary">
<msg time="2024-12-20T11:14:40.546388" level="INFO">Clicking element 'id=shopping_cart_container'.</msg>
<arg>id=shopping_cart_container</arg>
<doc>Click the element identified by ``locator``.</doc>
<status status="PASS" start="2024-12-20T11:14:40.545755" elapsed="0.183448"/>
</kw>
<kw name="Click Button" owner="SeleniumLibrary">
<msg time="2024-12-20T11:14:40.730086" level="INFO">Clicking button 'id=checkout'.</msg>
<arg>id=checkout</arg>
<doc>Clicks the button identified by ``locator``.</doc>
<status status="PASS" start="2024-12-20T11:14:40.729621" elapsed="0.093543"/>
</kw>
<kw name="Wait Until Page Contains Element" owner="SeleniumLibrary">
<arg>id=first-name</arg>
<arg>timeout=60</arg>
<doc>Waits until the element ``locator`` appears on the current page.</doc>
<status status="PASS" start="2024-12-20T11:14:40.824060" elapsed="0.014561"/>
</kw>
<kw name="Input Text" owner="SeleniumLibrary">
<msg time="2024-12-20T11:14:40.839288" level="INFO">Typing text 'John' into text field 'id=first-name'.</msg>
<arg>id=first-name</arg>
<arg>John</arg>
<doc>Types the given ``text`` into the text field identified by ``locator``.</doc>
<status status="PASS" start="2024-12-20T11:14:40.838926" elapsed="0.116284"/>
</kw>
<kw name="Input Text" owner="SeleniumLibrary">
<msg time="2024-12-20T11:14:40.955765" level="INFO">Typing text 'Doe' into text field 'id=last-name'.</msg>
<arg>id=last-name</arg>
<arg>Doe</arg>
<doc>Types the given ``text`` into the text field identified by ``locator``.</doc>
<status status="PASS" start="2024-12-20T11:14:40.955482" elapsed="0.078062"/>
</kw>
<kw name="Input Text" owner="SeleniumLibrary">
<msg time="2024-12-20T11:14:41.035516" level="INFO">Typing text '12345' into text field 'id=postal-code'.</msg>
<arg>id=postal-code</arg>
<arg>12345</arg>
<doc>Types the given ``text`` into the text field identified by ``locator``.</doc>
<status status="PASS" start="2024-12-20T11:14:41.034572" elapsed="0.092081"/>
</kw>
<kw name="Click Button" owner="SeleniumLibrary">
<msg time="2024-12-20T11:14:41.127201" level="INFO">Clicking button 'id=continue'.</msg>
<arg>id=continue</arg>
<doc>Clicks the button identified by ``locator``.</doc>
<status status="PASS" start="2024-12-20T11:14:41.126919" elapsed="0.110282"/>
</kw>
<kw name="Wait Until Page Contains Element" owner="SeleniumLibrary">
<arg>id=checkout_summary_container</arg>
<arg>timeout=60</arg>
<doc>Waits until the element ``locator`` appears on the current page.</doc>
<status status="PASS" start="2024-12-20T11:14:41.237671" elapsed="0.013296"/>
</kw>
<status status="PASS" start="2024-12-20T11:14:40.531090" elapsed="0.720275"/>
</kw>
<kw name="Then the user should see the order confirmation">
<kw name="Wait Until Page Contains Element" owner="SeleniumLibrary">
<arg>id=finish</arg>
<arg>timeout=60</arg>
<doc>Waits until the element ``locator`` appears on the current page.</doc>
<status status="PASS" start="2024-12-20T11:14:41.255182" elapsed="0.012872"/>
</kw>
<status status="PASS" start="2024-12-20T11:14:41.253785" elapsed="0.014502"/>
</kw>
<kw name="And the browser is closed">
<kw name="Close Browser" owner="SeleniumLibrary">
<doc>Closes the current browser.</doc>
<status status="PASS" start="2024-12-20T11:14:41.269295" elapsed="0.234116"/>
</kw>
<status status="PASS" start="2024-12-20T11:14:41.268800" elapsed="0.235088"/>
</kw>
<status status="PASS" start="2024-12-20T11:14:36.450917" elapsed="5.053863"/>
</test>
<status status="PASS" start="2024-12-20T11:14:36.181105" elapsed="5.325825"/>
</suite>
<statistics>
<total>
<stat pass="1" fail="0" skip="0">All Tests</stat>
</total>
<tag>
</tag>
<suite>
<stat pass="1" fail="0" skip="0" id="s1" name="Checkout Test">Checkout Test</stat>
</suite>
</statistics>
<errors>
</errors>
</robot>
