<?xml version="1.0" encoding="UTF-8"?>
<robot generator="Robot 7.1.1 (Python 3.9.6 on darwin)" generated="2024-12-19T23:06:31.016777" rpa="false" schemaversion="5">
<suite id="s1" name="Api Tests" source="/Users/admin/robot_tests/api_tests.robot">
<test id="s1-t1" name="Get Single User" line="12">
<kw name="GET Request">
<kw name="Set Variable" owner="BuiltIn">
<msg time="2024-12-19T23:06:31.213535" level="INFO">${url} = https://reqres.in/api/Get User/2</msg>
<var>${url}</var>
<arg>${BASE_URL}/${endpoint}/${user_id}</arg>
<doc>Returns the given values which can then be assigned to a variables.</doc>
<status status="PASS" start="2024-12-19T23:06:31.213149" elapsed="0.000438"/>
</kw>
<kw name="GET" owner="RequestsLibrary">
<msg time="2024-12-19T23:06:31.696743" level="INFO">GET Request : url=https://reqres.in/api/Get%20User/2 
 path_url=/api/Get%20User/2 
 headers={'User-Agent': 'python-requests/2.32.3', 'Accept-Encoding': 'gzip, deflate', 'Accept': '*/*', 'Connection': 'keep-alive'} 
 body=None 
 </msg>
<msg time="2024-12-19T23:06:31.697009" level="INFO">GET Response : url=https://reqres.in/api/Get%20User/2 
 status=200, reason=OK 
 headers={'Date': 'Thu, 19 Dec 2024 16:04:00 GMT', 'Content-Type': 'application/json; charset=utf-8', 'Transfer-Encoding': 'chunked', 'Connection': 'keep-alive', 'Report-To': '{"group":"heroku-nel","max_age":3600,"endpoints":[{"url":"https://nel.heroku.com/reports?ts=1734624240&amp;sid=c4c9725f-1ab0-44d8-820f-430df2718e11&amp;s=nZhFrkDBAil%2BzZaEi4x6v2LLOAiAmrNXJrrC4exLAI0%3D"}]}', 'Reporting-Endpoints': 'heroku-nel=https://nel.heroku.com/reports?ts=1734624240&amp;sid=c4c9725f-1ab0-44d8-820f-430df2718e11&amp;s=nZhFrkDBAil%2BzZaEi4x6v2LLOAiAmrNXJrrC4exLAI0%3D', 'Nel': '{"report_to":"heroku-nel","max_age":3600,"success_fraction":0.005,"failure_fraction":0.05,"response_headers":["Via"]}', 'X-Powered-By': 'Express', 'Access-Control-Allow-Origin': '*', 'Etag': 'W/"122-EJoELj/0trWDxXZhKN3eWEbbcBA"', 'Via': '1.1 vegur', 'Cache-Control': 'max-age=14400', 'CF-Cache-Status': 'MISS', 'Vary': 'Accept-Encoding', 'Server': 'cloudflare', 'CF-RAY': '8f48a03a4ab7d47b-SIN', 'Content-Encoding': 'gzip', 'server-timing': 'cfL4;desc="?proto=TCP&amp;rtt=15330&amp;min_rtt=14814&amp;rtt_var=4555&amp;sent=5&amp;recv=7&amp;lost=0&amp;retrans=0&amp;sent_bytes=2804&amp;recv_bytes=471&amp;delivery_rate=189010&amp;cwnd=252&amp;unsent_bytes=0&amp;cid=548c7ab601c22fa4&amp;ts=423&amp;x=0"'} 
 body={"data":{"id":2,"name":"fuchsia rose","year":2001,"color":"#C74375","pantone_value":"17-2031"},"support":{"url":"https://contentcaddy.io?utm_source=reqres&amp;utm_medium=json&amp;utm_campaign=referral","text":"Tired of writing endless social media content? Let Content Caddy generate it for you."}} 
 </msg>
<msg time="2024-12-19T23:06:31.697327" level="INFO">${response} = &lt;Response [200]&gt;</msg>
<var>${response}</var>
<arg>${url}</arg>
<doc>Sends a GET request.</doc>
<status status="PASS" start="2024-12-19T23:06:31.213887" elapsed="0.483509"/>
</kw>
<return>
<value>${response}</value>
<status status="PASS" start="2024-12-19T23:06:31.697580" elapsed="0.000102"/>
</return>
<msg time="2024-12-19T23:06:31.698067" level="INFO">${response} = &lt;Response [200]&gt;</msg>
<var>${response}</var>
<arg>Get User</arg>
<arg>${GET_USER_ID}</arg>
<status status="PASS" start="2024-12-19T23:06:31.211066" elapsed="0.487065"/>
</kw>
<kw name="Should Be Equal As Strings" owner="BuiltIn">
<msg time="2024-12-19T23:06:31.699354" level="INFO">Argument types are:
&lt;class 'int'&gt;
&lt;class 'str'&gt;</msg>
<arg>${response.status_code}</arg>
<arg>200</arg>
<doc>Fails if objects are unequal after converting them to strings.</doc>
<status status="PASS" start="2024-12-19T23:06:31.698612" elapsed="0.000835"/>
</kw>
<kw name="Log" owner="BuiltIn">
<msg time="2024-12-19T23:06:31.700446" level="INFO">User details: {'data': {'id': 2, 'name': 'fuchsia rose', 'year': 2001, 'color': '#C74375', 'pantone_value': '17-2031'}, 'support': {'url': 'https://contentcaddy.io?utm_source=reqres&amp;utm_medium=json&amp;utm_campaign=referral', 'text': 'Tired of writing endless social media content? Let Content Caddy generate it for you.'}}</msg>
<arg>User details: ${response.json()}</arg>
<doc>Logs the given message with the given level.</doc>
<status status="PASS" start="2024-12-19T23:06:31.699719" elapsed="0.000809"/>
</kw>
<doc>Verify that we can get a single user by ID</doc>
<status status="PASS" start="2024-12-19T23:06:31.210081" elapsed="0.490711"/>
</test>
<test id="s1-t2" name="Post Create User" line="18">
<kw name="Create User Data">
<kw name="Create Dictionary" owner="BuiltIn">
<msg time="2024-12-19T23:06:31.703084" level="INFO">${data} = {'name': 'John Doe', 'job': 'Developer'}</msg>
<var>${data}</var>
<arg>name=${POST_USER_NAME}</arg>
<arg>job=${POST_USER_JOB}</arg>
<doc>Creates and returns a dictionary based on the given ``items``.</doc>
<status status="PASS" start="2024-12-19T23:06:31.702409" elapsed="0.000722"/>
</kw>
<return>
<value>${data}</value>
<status status="PASS" start="2024-12-19T23:06:31.703223" elapsed="0.000049"/>
</return>
<msg time="2024-12-19T23:06:31.703473" level="INFO">${data} = {'name': 'John Doe', 'job': 'Developer'}</msg>
<var>${data}</var>
<doc>Create a dictionary for the user data to be posted</doc>
<status status="PASS" start="2024-12-19T23:06:31.701963" elapsed="0.001546"/>
</kw>
<kw name="POST Request">
<kw name="Set Variable" owner="BuiltIn">
<msg time="2024-12-19T23:06:31.704673" level="INFO">${url} = https://reqres.in/api/Create User</msg>
<var>${url}</var>
<arg>${BASE_URL}/${endpoint}</arg>
<doc>Returns the given values which can then be assigned to a variables.</doc>
<status status="PASS" start="2024-12-19T23:06:31.704327" elapsed="0.000387"/>
</kw>
<kw name="POST" owner="RequestsLibrary">
<msg time="2024-12-19T23:06:32.159131" level="INFO">POST Request : url=https://reqres.in/api/Create%20User 
 path_url=/api/Create%20User 
 headers={'User-Agent': 'python-requests/2.32.3', 'Accept-Encoding': 'gzip, deflate', 'Accept': '*/*', 'Connection': 'keep-alive', 'Content-Length': '40', 'Content-Type': 'application/json'} 
 body=b'{"name": "John Doe", "job": "Developer"}' 
 </msg>
<msg time="2024-12-19T23:06:32.159349" level="INFO">POST Response : url=https://reqres.in/api/Create%20User 
 status=201, reason=Created 
 headers={'Date': 'Thu, 19 Dec 2024 16:04:00 GMT', 'Content-Type': 'application/json; charset=utf-8', 'Content-Length': '87', 'Connection': 'keep-alive', 'Report-To': '{"group":"heroku-nel","max_age":3600,"endpoints":[{"url":"https://nel.heroku.com/reports?ts=1734624240&amp;sid=c4c9725f-1ab0-44d8-820f-430df2718e11&amp;s=nZhFrkDBAil%2BzZaEi4x6v2LLOAiAmrNXJrrC4exLAI0%3D"}]}', 'Reporting-Endpoints': 'heroku-nel=https://nel.heroku.com/reports?ts=1734624240&amp;sid=c4c9725f-1ab0-44d8-820f-430df2718e11&amp;s=nZhFrkDBAil%2BzZaEi4x6v2LLOAiAmrNXJrrC4exLAI0%3D', 'Nel': '{"report_to":"heroku-nel","max_age":3600,"success_fraction":0.005,"failure_fraction":0.05,"response_headers":["Via"]}', 'X-Powered-By': 'Express', 'Access-Control-Allow-Origin': '*', 'Etag': 'W/"57-yhOWJ82n84jeSYv94fjCPaU/LDE"', 'Via': '1.1 vegur', 'cf-cache-status': 'DYNAMIC', 'Server': 'cloudflare', 'CF-RAY': '8f48a03d2a3fce61-SIN', 'server-timing': 'cfL4;desc="?proto=TCP&amp;rtt=15098&amp;min_rtt=14713&amp;rtt_var=4453&amp;sent=5&amp;recv=8&amp;lost=0&amp;retrans=0&amp;sent_bytes=2805&amp;recv_bytes=586&amp;delivery_rate=188806&amp;cwnd=252&amp;unsent_bytes=0&amp;cid=9011dbc6936ddc4e&amp;ts=419&amp;x=0"'} 
 body={"name":"John Doe","job":"Developer","id":"856","createdAt":"2024-12-19T16:04:00.475Z"} 
 </msg>
<msg time="2024-12-19T23:06:32.159650" level="INFO">${response} = &lt;Response [201]&gt;</msg>
<var>${response}</var>
<arg>${url}</arg>
<arg>json=${data}</arg>
<doc>Sends a POST request.</doc>
<status status="PASS" start="2024-12-19T23:06:31.704886" elapsed="0.454834"/>
</kw>
<return>
<value>${response}</value>
<status status="PASS" start="2024-12-19T23:06:32.159896" elapsed="0.000097"/>
</return>
<msg time="2024-12-19T23:06:32.160364" level="INFO">${response} = &lt;Response [201]&gt;</msg>
<var>${response}</var>
<arg>Create User</arg>
<arg>${data}</arg>
<status status="PASS" start="2024-12-19T23:06:31.703831" elapsed="0.456599"/>
</kw>
<kw name="Should Be Equal As Strings" owner="BuiltIn">
<msg time="2024-12-19T23:06:32.162145" level="INFO">Argument types are:
&lt;class 'int'&gt;
&lt;class 'str'&gt;</msg>
<arg>${response.status_code}</arg>
<arg>201</arg>
<doc>Fails if objects are unequal after converting them to strings.</doc>
<status status="PASS" start="2024-12-19T23:06:32.161137" elapsed="0.001100"/>
</kw>
<kw name="Log" owner="BuiltIn">
<msg time="2024-12-19T23:06:32.163205" level="INFO">Created user: {'name': 'John Doe', 'job': 'Developer', 'id': '856', 'createdAt': '2024-12-19T16:04:00.475Z'}</msg>
<arg>Created user: ${response.json()}</arg>
<doc>Logs the given message with the given level.</doc>
<status status="PASS" start="2024-12-19T23:06:32.162502" elapsed="0.000790"/>
</kw>
<doc>Verify that we can create a new user</doc>
<status status="PASS" start="2024-12-19T23:06:31.701162" elapsed="0.462454"/>
</test>
<status status="PASS" start="2024-12-19T23:06:31.018412" elapsed="1.145866"/>
</suite>
<statistics>
<total>
<stat pass="2" fail="0" skip="0">All Tests</stat>
</total>
<tag>
</tag>
<suite>
<stat pass="2" fail="0" skip="0" id="s1" name="Api Tests">Api Tests</stat>
</suite>
</statistics>
<errors>
<msg time="2024-12-19T23:06:31.011569" level="WARN">Error in file '/Users/admin/robot_tests/api_tests.robot' on line 30: The '[Return]' setting is deprecated. Use the 'RETURN' statement instead.</msg>
<msg time="2024-12-19T23:06:31.011858" level="WARN">Error in file '/Users/admin/robot_tests/api_tests.robot' on line 36: The '[Return]' setting is deprecated. Use the 'RETURN' statement instead.</msg>
<msg time="2024-12-19T23:06:31.012065" level="WARN">Error in file '/Users/admin/robot_tests/api_tests.robot' on line 41: The '[Return]' setting is deprecated. Use the 'RETURN' statement instead.</msg>
</errors>
</robot>
